# JRE version: OpenJDK Runtime Environment (11.0.5+10) (build 11.0.5+10-b520.17)
# Java VM: OpenJDK 64-Bit Server VM (11.0.5+10-b520.17, mixed mode, tiered, compressed oops, g1 gc, windows-amd64)
Heap:
 garbage-first heap   total 315392K, used 197047K [0x0000000700c00000, 0x0000000800000000)
  region size 1024K, 183 young (187392K), 13 survivors (13312K)
 Metaspace       used 66108K, capacity 67747K, committed 68048K, reserved 1107968K
  class space    used 8584K, capacity 9227K, committed 9344K, reserved 1048576K
GC Heap History (14 events):
Event: 0.617 GC heap before
{Heap before GC invocations=0 (full 0):
 garbage-first heap   total 262144K, used 24576K [0x0000000700c00000, 0x0000000800000000)
  region size 1024K, 24 young (24576K), 0 survivors (0K)
 Metaspace       used 12672K, capacity 12977K, committed 13312K, reserved 1060864K
  class space    used 1315K, capacity 1435K, committed 1536K, reserved 1048576K
}
Event: 0.621 GC heap after
{Heap after GC invocations=1 (full 0):
 garbage-first heap   total 262144K, used 6604K [0x0000000700c00000, 0x0000000800000000)
  region size 1024K, 3 young (3072K), 3 survivors (3072K)
 Metaspace       used 12672K, capacity 12977K, committed 13312K, reserved 1060864K
  class space    used 1315K, capacity 1435K, committed 1536K, reserved 1048576K
}
Event: 1.006 GC heap before
{Heap before GC invocations=1 (full 0):
 garbage-first heap   total 262144K, used 106956K [0x0000000700c00000, 0x0000000800000000)
  region size 1024K, 103 young (105472K), 3 survivors (3072K)
 Metaspace       used 20683K, capacity 21172K, committed 21296K, reserved 1069056K
  class space    used 2448K, capacity 2662K, committed 2688K, reserved 1048576K
}
Event: 1.012 GC heap after
{Heap after GC invocations=2 (full 0):
 garbage-first heap   total 262144K, used 9175K [0x0000000700c00000, 0x0000000800000000)
  region size 1024K, 6 young (6144K), 6 survivors (6144K)
 Metaspace       used 20683K, capacity 21172K, committed 21296K, reserved 1069056K
  class space    used 2448K, capacity 2662K, committed 2688K, reserved 1048576K
}
Event: 1.344 GC heap before
{Heap before GC invocations=3 (full 0):
 garbage-first heap   total 262144K, used 105431K [0x0000000700c00000, 0x0000000800000000)
  region size 1024K, 101 young (103424K), 6 survivors (6144K)
 Metaspace       used 27918K, capacity 28880K, committed 29104K, reserved 1075200K
  class space    used 3375K, capacity 3713K, committed 3840K, reserved 1048576K
}
Event: 1.349 GC heap after
{Heap after GC invocations=4 (full 0):
 garbage-first heap   total 262144K, used 11934K [0x0000000700c00000, 0x0000000800000000)
  region size 1024K, 9 young (9216K), 9 survivors (9216K)
 Metaspace       used 27918K, capacity 28880K, committed 29104K, reserved 1075200K
  class space    used 3375K, capacity 3713K, committed 3840K, reserved 1048576K
}
Event: 2.063 GC heap before
{Heap before GC invocations=4 (full 0):
 garbage-first heap   total 262144K, used 93854K [0x0000000700c00000, 0x0000000800000000)
  region size 1024K, 90 young (92160K), 9 survivors (9216K)
 Metaspace       used 34600K, capacity 35757K, committed 35920K, reserved 1081344K
  class space    used 4304K, capacity 4775K, committed 4864K, reserved 1048576K
}
Event: 2.074 GC heap after
{Heap after GC invocations=5 (full 0):
 garbage-first heap   total 262144K, used 15565K [0x0000000700c00000, 0x0000000800000000)
  region size 1024K, 12 young (12288K), 12 survivors (12288K)
 Metaspace       used 34600K, capacity 35757K, committed 35920K, reserved 1081344K
  class space    used 4304K, capacity 4775K, committed 4864K, reserved 1048576K
}
Event: 2.533 GC heap before
{Heap before GC invocations=6 (full 0):
 garbage-first heap   total 262144K, used 144589K [0x0000000700c00000, 0x0000000800000000)
  region size 1024K, 139 young (142336K), 12 survivors (12288K)
 Metaspace       used 40418K, capacity 41782K, committed 41936K, reserved 1085440K
  class space    used 5247K, capacity 5757K, committed 5760K, reserved 1048576K
}
Event: 2.543 GC heap after
{Heap after GC invocations=7 (full 0):
 garbage-first heap   total 315392K, used 17778K [0x0000000700c00000, 0x0000000800000000)
  region size 1024K, 11 young (11264K), 11 survivors (11264K)
 Metaspace       used 40418K, capacity 41782K, committed 41936K, reserved 1085440K
  class space    used 5247K, capacity 5757K, committed 5760K, reserved 1048576K
}
Event: 50.705 GC heap before
{Heap before GC invocations=7 (full 0):
 garbage-first heap   total 315392K, used 189810K [0x0000000700c00000, 0x0000000800000000)
  region size 1024K, 180 young (184320K), 11 survivors (11264K)
 Metaspace       used 55162K, capacity 56690K, committed 56912K, reserved 1097728K
  class space    used 7279K, capacity 7867K, committed 7936K, reserved 1048576K
}
Event: 50.713 GC heap after
{Heap after GC invocations=8 (full 0):
 garbage-first heap   total 315392K, used 23301K [0x0000000700c00000, 0x0000000800000000)
  region size 1024K, 17 young (17408K), 17 survivors (17408K)
 Metaspace       used 55162K, capacity 56690K, committed 56912K, reserved 1097728K
  class space    used 7279K, capacity 7867K, committed 7936K, reserved 1048576K
}
Event: 305.189 GC heap before
{Heap before GC invocations=8 (full 0):
 garbage-first heap   total 315392K, used 72453K [0x0000000700c00000, 0x0000000800000000)
  region size 1024K, 66 young (67584K), 17 survivors (17408K)
 Metaspace       used 58525K, capacity 60056K, committed 60240K, reserved 1101824K
  class space    used 7699K, capacity 8325K, committed 8448K, reserved 1048576K
}
Event: 305.200 GC heap after
{Heap after GC invocations=9 (full 0):
 garbage-first heap   total 315392K, used 23991K [0x0000000700c00000, 0x0000000800000000)
  region size 1024K, 13 young (13312K), 13 survivors (13312K)
 Metaspace       used 58525K, capacity 60056K, committed 60240K, reserved 1101824K
  class space    used 7699K, capacity 8325K, committed 8448K, reserved 1048576K
}

